2011-12-19 16:35:33.891 [INFO]  [main] 
2011-12-19 16:35:33.894 [INFO]  [main] ===============================
2011-12-19 16:35:33.894 [INFO]  [main] *** Starting up WinTunnel ****
2011-12-19 16:35:33.894 [INFO]  [main] ===============================
2011-12-19 16:35:33.894 [INFO]  [main] Starting thread... 
2011-12-19 16:35:33.898 [ERROR] [main] Initialization file was not found in the current directory or install directory!
2011-12-19 16:35:33.898 [ERROR] [main] Error loading configuration file.  Exiting...
2011-12-19 16:35:40.467 [INFO]  [main] 
2011-12-19 16:35:40.469 [INFO]  [main] ===============================
2011-12-19 16:35:40.469 [INFO]  [main] *** Starting up WinTunnel ****
2011-12-19 16:35:40.470 [INFO]  [main] ===============================
2011-12-19 16:35:40.470 [INFO]  [main] Starting thread... 
2011-12-19 16:35:40.473 [ERROR] [main] Initialization file was not found in the current directory or install directory!
2011-12-19 16:35:40.473 [ERROR] [main] Error loading configuration file.  Exiting...
2011-12-19 16:35:41.351 [INFO]  [main] 
2011-12-19 16:35:41.351 [INFO]  [main] ===============================
2011-12-19 16:35:41.351 [INFO]  [main] *** Starting up WinTunnel ****
2011-12-19 16:35:41.351 [INFO]  [main] ===============================
2011-12-19 16:35:41.351 [INFO]  [main] Starting thread... 
2011-12-19 16:35:41.351 [ERROR] [main] Initialization file was not found in the current directory or install directory!
2011-12-19 16:35:41.351 [ERROR] [main] Error loading configuration file.  Exiting...
2011-12-19 16:35:43.076 [INFO]  [main] 
2011-12-19 16:35:43.076 [INFO]  [main] ===============================
2011-12-19 16:35:43.076 [INFO]  [main] *** Starting up WinTunnel ****
2011-12-19 16:35:43.076 [INFO]  [main] ===============================
2011-12-19 16:35:43.076 [INFO]  [main] Starting thread... 
2011-12-19 16:35:43.076 [ERROR] [main] Initialization file was not found in the current directory or install directory!
2011-12-19 16:35:43.076 [ERROR] [main] Error loading configuration file.  Exiting...
2011-12-19 16:35:43.969 [INFO]  [main] 
2011-12-19 16:35:43.971 [INFO]  [main] ===============================
2011-12-19 16:35:43.971 [INFO]  [main] *** Starting up WinTunnel ****
2011-12-19 16:35:43.971 [INFO]  [main] ===============================
2011-12-19 16:35:43.971 [INFO]  [main] Starting thread... 
2011-12-19 16:35:43.974 [ERROR] [main] Initialization file was not found in the current directory or install directory!
2011-12-19 16:35:43.975 [ERROR] [main] Error loading configuration file.  Exiting...
